1
 
 
 
 
                      Warning: This computer program is protected by copyright law and international treaties.       
                  Unauthorized use, reproduction or distribution of this computer program, or any portion of it, may 
                                          result in severe civil and criminal penalties.                             
                         Copyright (C) 2017 MSC Software Corporation and its licensors. All rights reserved.         
 
 
                                              * * * * * * * * * * * * * * * * * * * *
                                              * * * * * * * * * * * * * * * * * * * *
                                              * *                                 * *
                                              * *           MSC Software          * *
                                              * *               CORP              * *
                                              * *                                 * *
                                              * *      M S C   N a s t r a n      * *
                                              * *                                 * *
                                              * *                                 * *
                                              * *                                 * *
                                              * *     Version 2018.1.0-CL553137   * *
                                              * *                                 * *
                                              * *                                 * *
                                              * *                                 * *
                                              * *          MAR 11, 2018           * *
                                              * *                                 * *
                                              * *               AMD               * *
                                              * *MODEL AMD FX(tm)-8350 Eight-Core * *
                                              * * Windows 10 Enterprise 6.2 9200  * *
                                              * * Compiled for 8664 (SINGLE Mode) * *
                                              * *                                 * *
                                              * * * * * * * * * * * * * * * * * * * *
                                              * * * * * * * * * * * * * * * * * * * *
1News file - (March 2, 2018)
  
               Welcome to MSC Nastran 2018.1
  
  
   Details of the new capabilities can be found in the MSC Nastran 2018
     Release Guide available online in the installation documentation
     sub-directory.
   Additional information can be found at the MSC Nastran Product Support page:
  
      http://simcompanion.mscsoftware.com
  
  
   The support page provides links to these valuable information:
      * A searchable Knowledge Base containing examples and answers to thousands
        of frequently asked questions written by MSC Software subject-matter
        experts.
      * Peer-to-peer Discussion Forums enabling you to post questions for your
        MSC Software products and receive answers from other users worldwide.
      * A list of known issues with the product and any workarounds.
      * Instructions on how to contact technical support
      * A mechanism for sending us product feedback or enhancement requests.
      * Hardware and software requirements.
      * Examples and Tutorials
      * and much more.
  
   For information on training, please visit our Training web site
  
      http://www.mscsoftware.com/Contents/Services/Training/
  
   MSC Nastran brings powerful new features and enhancements for engineering
   solutions.
  
     -  The purpose of this release is to sync MSC Nastran 2018.1
        with Patran 2018.0 release for improved compatibility
  
     Dynamics
     -  Structural and Fluid Material property specification can now be
        frequency dependent.
     -  Anisotropic structural damping can be defined for composite
        materials. Restriction removed that damping is proportional to
        stiffness.
     -  Spatial definition of property and material available now.
  
     Linear Buckling
     -  Linear Buckling with local exclusion of differential stiffness in SOL
        105.
  
     Rotordynamics
     -  Enhanced Mode-Tracking for Campbell Diagrams. Two new methods
1       introduced: Numerical Slope-Continuity and Eigenvector-Based.
     -  Rotors can now be included in upstream Part Superelements for
        both single and multi-level assemblies.
     -  Support for definition of CBUSH element cross-coupling terms.
  
     Multiple-Mass Configuration
     -  Easy definition and analysis of multiple mass cases in a single run.
        Supported in SOL 101, 103, 107/110, 108/111, 109/112, 144, 145, 146,
        200 and 400 solution sequences.
  
     Optimization
     -  Shell stress constraints can now be defined for Topology Optimization.
  
     Assembly
     -  New modules that can assemble multiple Bulk Data sections to form a
        single MSC Nastran input file. Modules are analogous to part
        superelements without reduction and are supported in SOL 101 - 112.
  
     Implicit Nonlinear Analysis - SOL 400
     -  GPFORCE Output with Contact
     -  Automatic Contact Generation
     -  External Superelements Creation, Assembly and Data Recovery
     -  CFAST Fastener element enabled to FUSE based on load criteria.
  
     Explicit Nonlinear Analysis - SOL 700
     -  Automated Coupling Surfaces
     -  New SOL 700 Dytran, Dytran under Nastran
  
     HPC
     -  Improved performance and scalability for the New ACMS method
     -  New MPYAD with better parallel performance and better method
        selection.
     -  New command line option, solve=auto and cpumax=N, to automatically
        choose optimal solver and parallel options based on hardware and
        the model.
  
     Results HDF5 Database
     -  Additional data blocks have been added to the HDF5 file: OEFTGV,
        OMONPNT, TOMVAR, TOPVAR, R1TABRD, HISADD, RESP12, WETFACES, META,
        OFCRFM, EPTFSP, MPTFSP, TRNUORD, and UHT, as well as modal and
        Rotordynamic matrices.
  
     Documentation
  
     The complete documentation set is provided in a separate installer and
     when installed is available at:
     MSC_DOC_DIR/doc/pdf_nastran directory.
     Where MSC_DOC_DIR is the directory where documentation was installed
     This help set has cross references between documents, links to how-to
     videos, and example files.
1 
     Individual MSC Nastran documents are available for download from the
       Simcompanion Website at:
       http://simcompanion.mscsoftware.com/
  
     These documents were updated for the MSC Nastran 2018.0 Release
  
         1.  MSC Nastran 2018.0 Installation and Operations Guide
         2.  MSC Nastran 2018.0 Quick Reference Guide
         3.  MSC Nastran 2018.0 Release Guide
         4.  MSC Nastran 2018.0 Linear Statics Analysis User's Guide
         5.  MSC Nastran 2018.0 Dynamic Analysis User's Guide
         6.  MSC Nastran 2018.0 Superelements User's Guide
         7.  MSC Nastran 2018.0 Rotordynamics User's Guide
         8.  MSC Nastran 2018.0 Demonstration Problems Manual
         9.  MSC Nastran 2018.0 Nastran Embedded Fatigue User's Guide
        10.  MSC Nastran 2018.0 Design Sensitivity and Optimization
        11.  MSC Nastran 2018.0 Nonlinear User's Guide SOL 400
        12.  MSC Nastran 2018.0 DMAP Programmer's Guide
        13.  MSC Nastran 2018.0 High Performance Computing User's Guide
  
  
  
    Please refer to:
  
    MSC_DOC_DIR/doc/pdf_nastran/nastran_library.pdf
  
1                                                                             MARCH  27, 2022  MSC Nastran  3/11/18   PAGE     1
                                                                                                                                    
0        N A S T R A N    F I L E    A N D    S Y S T E M    P A R A M E T E R    E C H O                                           
0                                                                                                                                   
                                                                                                                                    
                                                                                                                                    
     $ SYSFIELD=SCR*(RAW=YES,BUFFIO=YES,WNUM=16,WSIZE=16MB) $(C:/MSC.SOFTWARE/MSC_NAS
     $ SYSFIELD=DBALL(RAW=YES,BUFFIO=YES,WNUM=16,WSIZE=16MB) $(C:/MSC.SOFTWARE/MSC_NA
     NASTRAN BUFFSIZE=8193 $(C:/MSC.SOFTWARE/MSC_NASTRAN/20181/CONF/NAST20181.RCF[6])
     $PYNASTRAN: VERSION=MSC                                                         
     $PYNASTRAN: PUNCH=FALSE                                                         
     $PYNASTRAN: ENCODING=UTF-8                                                      
     $PYNASTRAN: NNODES=27                                                           
     $PYNASTRAN: NELEMENTS=24                                                        
     $EXECUTIVE CONTROL DECK                                                         
1                                                                             MARCH  27, 2022  MSC Nastran  3/11/18   PAGE     2
                                                                                                                                    
0        N A S T R A N    E X E C U T I V E    C O N T R O L    E C H O                                                             
0                                                                                                                                   
                                                                                                                                    
                                                                                                                                    
     SOL 103                                                                                 
     CEND                                                                                    
1                                                                             MARCH  27, 2022  MSC Nastran  3/11/18   PAGE     3
                                                                                                                                    
0                                                                                                                                   
0                                        C A S E    C O N T R O L    E C H O                                                        
                 COMMAND                                                                                                            
                 COUNT                                                                                                              
                  1      $CASE CONTROL DECK                                                                      
                  2      SUBCASE 1                                                                               
                  3          ANALYSIS = FLUTTER                                                                  
                  4          DISPLACEMENT(SORT1,REAL) = ALL                                                      
                  5          METHOD = 1                                                                          
                  6          SPC = 50                                                                            
                  7          SPCFORCES(SORT1, REAL) = ALL                                                        
                  8          SUBTITLE = DEFAULT                                                                  
                  9      BEGIN BULK                                                                              
1                                                                             MARCH  27, 2022  MSC Nastran  3/11/18   PAGE     4
                                                                                                                                    
0                                                                                                                                   
                                              I N P U T   B U L K   D A T A   E C H O                                               
                 ENTRY                                                                                                              
                 COUNT        .   1  ..   2  ..   3  ..   4  ..   5  ..   6  ..   7  ..   8  ..   9  ..  10  .                      
 *** USER INFORMATION MESSAGE 9991 (SDLWIF)
     Messages are being generated at include level 0.
     File: c:/users/student_sla/desktop/k_kwon_aeroelastik/sol103_ver01.bdf
 *** USER WARNING MESSAGE 9994 (BULFUN)
     MAT1 with MID=1 near line 100
     User information:  Material has unreasonable or inconsistent values of E, G or NU.
1                                                                             MARCH  27, 2022  MSC Nastran  3/11/18   PAGE     5
                                                                                                                                    
0                                                                                                                                   
                                                  S O R T E D   B U L K   D A T A   E C H O                                         
                 ENTRY                                                                                                              
                 COUNT        .   1  ..   2  ..   3  ..   4  ..   5  ..   6  ..   7  ..   8  ..   9  ..  10  .                      
                    1-        CBEAM   1       1       1       2       100
                    2-        CBEAM   2       2       2       3       100
                    3-        CBEAM   3       3       3       4       100
                    4-        CBEAM   4       4       4       5       100
                    5-        CBEAM   5       5       5       6       100
                    6-        CBEAM   6       6       6       7       100
                    7-        CBEAM   7       7       7       8       100
                    8-        CBEAM   8       8       8       9       100
                    9-        CBEAM   9       9       9       10      100
                   10-        CBEAM   10      10      10      11      100
                   11-        CBEAM   11      11      11      12      100
                   12-        CBEAM   12      12      12      13      100
                   13-        CBEAM   13      13      13      14      100
                   14-        CBEAM   14      14      14      15      100
                   15-        CBEAM   15      15      15      16      100
                   16-        CBEAM   16      16      16      17      100
                   17-        CBEAM   17      17      17      18      100
                   18-        CBEAM   18      18      18      19      100
                   19-        CBEAM   19      19      19      20      100
                   20-        CBEAM   20      20      20      21      100
                   21-        CBEAM   21      21      21      22      100
                   22-        CBEAM   22      22      22      23      100
                   23-        CBEAM   23      23      23      24      100
                   24-        CBEAM   24      24      24      25      100
                   25-        CONM2   1001    1               .0140016
                   26-        CONM2   1002    2               .0248466
                   27-        CONM2   1003    3               .0254698
                   28-        CONM2   1004    4               .019069
                   29-        CONM2   1005    5               .0179648
                   30-        CONM2   1006    6               .0169479
                   31-        CONM2   1007    7               .0160897
                   32-        CONM2   1008    8               .0446185
                   33-        CONM2   1009    9               .0165717
                   34-        CONM2   1010    10              .012979
                   35-        CONM2   1011    11              .0121026
                   36-        CONM2   1012    12              .0112624
                   37-        CONM2   1013    13              .0104526
                   38-        CONM2   1014    14              .0096748
                   39-        CONM2   1015    15              .0089338
                   40-        CONM2   1016    16              .0082551
                   41-        CONM2   1017    17              .0077097
                   42-        CONM2   1018    18              .0071939
                   43-        CONM2   1019    19              .0067326
                   44-        CONM2   1020    20              .006314
                   45-        CONM2   1021    21              .0059048
1                                                                             MARCH  27, 2022  MSC Nastran  3/11/18   PAGE     6
                                                                                                                                    
0                                                                                                                                   
                                                  S O R T E D   B U L K   D A T A   E C H O                                         
                 ENTRY                                                                                                              
                 COUNT        .   1  ..   2  ..   3  ..   4  ..   5  ..   6  ..   7  ..   8  ..   9  ..  10  .                      
                   46-        CONM2   1022    22              .0055018
                   47-        CONM2   1023    23              .0050511
                   48-        CONM2   1024    24              .0046191
                   49-        CONM2   1025    25              .0022931
                   50-        CONM2   1100    100             .3344
                   51-        CONM2   1101    101             .1368
                   52-        EIGRL   1                       10
                   53-        GRID    1               1299.18 0.      0.
                   54-        GRID    2               1299.18 416.46950.
                   55-        GRID    3               1299.18 832.939 0.
                   56-        GRID    4               1299.1321191.8760.
                   57-        GRID    5               1299.0831550.8120.
                   58-        GRID    6               1299.0351909.7490.
                   59-        GRID    7               1298.9862268.6850.
                   60-        GRID    8               1298.9382627.6220.
                   61-        GRID    9               1298.8723117.0810.
                   62-        GRID    10              1283.52 3459.9480.
                   63-        GRID    11              1268.1683802.8140.
                   64-        GRID    12              1252.8164145.6810.
                   65-        GRID    13              1237.4644488.5480.
                   66-        GRID    14              1222.1124831.4140.
                   67-        GRID    15              1206.76 5174.2810.
                   68-        GRID    16              1191.4095517.1480.
                   69-        GRID    17              1176.0575860.0140.
                   70-        GRID    18              1160.7056202.8810.
                   71-        GRID    19              1145.3536545.7470.
                   72-        GRID    20              1130.0016888.6140.
                   73-        GRID    21              1114.6497231.4810.
                   74-        GRID    22              1099.2977574.3470.
                   75-        GRID    23              1083.9457917.2140.
                   76-        GRID    24              1068.95 8252.1070.
                   77-        GRID    25              1053.9558587.   0.
                   78-        GRID    100             -234.5  2627.6  0.
                   79-        GRID    101             748.5   2627.6  0.
                   80-        MAT1    1       72397.  27000.  .32     1E-16
                   81-        PARAM   POST    0
                   82-        PARAM   PRTMAXIMYES
                   83-        PBEAM   1       1       12157.813.3191+81.1003+9        6.097+8
                   84-        PBEAM   2       1       10738.442.9213+89.8081+8        5.518+8
                   85-        PBEAM   3       1       9486.4862.5667+88.7046+8        4.918+8
                   86-        PBEAM   4       1       8417.4692.2568+87.7462+8        4.3755+8
                   87-        PBEAM   5       1       7433.9961.9754+86.8569+8        3.8683+8
                   88-        PBEAM   6       1       6556.1821.7291+86.0491+8        3.4+8
                   89-        PBEAM   7       1       6015.5551.5958+85.5232+8        3.1048+8
                   90-        PBEAM   8       1       5311.2151.3885+85.0285+8        2.8939+8
1                                                                             MARCH  27, 2022  MSC Nastran  3/11/18   PAGE     7
                                                                                                                                    
0                                                                                                                                   
                                                  S O R T E D   B U L K   D A T A   E C H O                                         
                 ENTRY                                                                                                              
                 COUNT        .   1  ..   2  ..   3  ..   4  ..   5  ..   6  ..   7  ..   8  ..   9  ..  10  .                      
                   91-        PBEAM   9       1       4495.5761.0952+84.2814+8        2.4931+8
                   92-        PBEAM   10      1       3988.3138.803+7 3.5444+8        2.0176+8
                   93-        PBEAM   11      1       3517.3236.9824+72.9251+8        1.6274+8
                   94-        PBEAM   12      1       3072.4265.4489+72.3905+8        1.2966+8
                   95-        PBEAM   13      1       2651.9584.1722+71.9272+8        1.0141+8
                   96-        PBEAM   14      1       2259.0933.1267+71.5308+8        7.7619+7
                   97-        PBEAM   15      1       1906.9412.2916+71.2116+8        5.8391+7
                   98-        PBEAM   16      1       1658.0271.7299+79.86+7          4.5156+7
                   99-        PBEAM   17      1       1488.02 1.3578+78.1925+7        3.6163+7
                  100-        PBEAM   18      1       1350.3131.0658+76.829+7         2.8883+7
                  101-        PBEAM   19      1       1260.4358542308.5.7795+7        2.3465+7
                  102-        PBEAM   20      1       1190.88 6883323.4.9066+7        1.9176+7
                  103-        PBEAM   21      1       1121.95 5474489.4.1303+7        1.5507+7
                  104-        PBEAM   22      1       1053.6054289549.3.4439+7        1.2394+7
                  105-        PBEAM   23      1       986.59583313860.2.8472+7        9798458.
                  106-        PBEAM   24      1       920.85152519175.2.3316+7        7654888.
                  107-        RBE2    51      8       123456  100
                  108-        RBE2    52      8       123456  101
                  109-        SPC1    49      123456  1
                  110-        SPCADD  50      49
                              ENDDATA
                        TOTAL COUNT= 111
                              INPUT BULK DATA ENTRY COUNT = 116
1                                                                             MARCH  27, 2022  MSC Nastran  3/11/18   PAGE     8
                                                                                                                                    
0                                                                                                                                   
                                        M O D E L   S U M M A R Y          BULK = 0
                                   ENTRY NAME        NUMBER OF ENTRIES
                                   ----------        -----------------
                                        CBEAM                       24
                                        CONM2                       27
                                        EIGRL                        1
                                         GRID                       27
                                         MAT1                        1
                                        PARAM                        2
                                        PBEAM                       24
                                         RBE2                        2
                                         SPC1                        1
                                       SPCADD                        1

 ^^^     
 ^^^ >>> IFP OPERATIONS COMPLETE <<< 
 ^^^     
 *** USER FATAL MESSAGE 1250 (OPNPFL)
     STATUS =           32, FILX =   40, LOGNAME = DBC     , NSBUF3 =     1024
     FILE = ./sol103_ver01.xdb
 *** USER FATAL MESSAGE 1250 (OPNPFL)
     ERROR MESSAGE IS --
     Der Prozess kann nicht auf die Datei zugreifen, da sie von einem anderen Prozess verwendet wird.
 *** SYSTEM WARNING MESSAGE 6066 (DBC)
 *** DBCMSG ERROR MESSAGE   34 FROM SUBROUTINE DBC
     THE DBC MODULE HAS BEEN TERMINATED BECAUSE OF THE ABOVE FATAL DBC ERROR.
     USER INFORMATION: SUBSEQUENT DBC CALLS WILL NOT BE EXECUTED, AND THE DATABASE CONVERSION IS INCOMPLETE.
1                                                                             MARCH  27, 2022  MSC Nastran  3/11/18   PAGE     9
                                                                                                                                    
0                                                                                                                                   
 *** USER INFORMATION MESSAGE 7310 (VECPRN)
     ORIGIN OF SUPERELEMENT OR MODULE BASIC COORDINATE SYSTEM WILL BE USED AS REFERENCE LOCATION.
     RESULTANTS ABOUT ORIGIN OF SUPERELEMENT OR MODULE BASIC COORDINATE SYSTEM IN SUPERELEMENT OR MODULE
     BASIC SYSTEM COORDINATES.
0                                                  OLOAD    RESULTANT       
  SUBCASE/    LOAD
  DAREA ID    TYPE       T1            T2            T3            R1            R2            R3
0        1     FX    0.000000E+00     ----          ----          ----       0.000000E+00  0.000000E+00                             
               FY       ----       0.000000E+00     ----       0.000000E+00     ----       0.000000E+00                             
               FZ       ----          ----       0.000000E+00  0.000000E+00  0.000000E+00     ----                                  
               MX       ----          ----          ----       0.000000E+00     ----          ----                                  
               MY       ----          ----          ----          ----       0.000000E+00     ----                                  
               MZ       ----          ----          ----          ----          ----       0.000000E+00                             
             TOTALS  0.000000E+00  0.000000E+00  0.000000E+00  0.000000E+00  0.000000E+00  0.000000E+00
 *** USER INFORMATION MESSAGE 5010 (LNCILS)
     STURM SEQUENCE DATA FOR EIGENVALUE EXTRACTION.
     TRIAL EIGENVALUE = 2.379536D+03, CYCLES = 7.763656D+00 THE STURM COUNT = 1
 *** USER INFORMATION MESSAGE 5010 (LNCILS)
     STURM SEQUENCE DATA FOR EIGENVALUE EXTRACTION.
     TRIAL EIGENVALUE = 7.210876D+05, CYCLES = 1.351494D+02 THE STURM COUNT = 11

 TABLE OF SHIFTS:  (LNNRIGL)
 SHIFT #        SHIFT VALUE         FREQUENCY, CYCLES     # EIGENVALUES BELOW    # NEW EIGENVALUES FOUND
     1.        2.3795359E+03          7.7636557E+00                 1                       10
     2.        7.2108764E+05          1.3514941E+02                11                        1

1                                                                             MARCH  27, 2022  MSC Nastran  3/11/18   PAGE    10
                                                                                                                                    
0                                                                                                            SUBCASE 1              
0


                          E I G E N V A L U E  A N A L Y S I S   S U M M A R Y   (READ MODULE) 



                                     BLOCK SIZE USED ......................     7

                                     NUMBER OF DECOMPOSITIONS .............     2

                                     NUMBER OF ROOTS FOUND ................    10

                                     NUMBER OF SOLVES REQUIRED ............    10

1                                                                             MARCH  27, 2022  MSC Nastran  3/11/18   PAGE    11
                                                                                                                                    
0                                                                                                            SUBCASE 1              
 
                                              R E A L   E I G E N V A L U E S
   MODE    EXTRACTION      EIGENVALUE            RADIANS             CYCLES            GENERALIZED         GENERALIZED
    NO.       ORDER                                                                       MASS              STIFFNESS
        1         1        1.109160E+03        3.330405E+01        5.300504E+00        1.000000E+00        1.109160E+03
        2         2        3.461204E+03        5.883200E+01        9.363404E+00        1.000000E+00        3.461204E+03
        3         3        5.699402E+03        7.549439E+01        1.201530E+01        1.000000E+00        5.699402E+03
        4         4        7.001555E+03        8.367530E+01        1.331734E+01        1.000000E+00        7.001555E+03
        5         5        3.218213E+04        1.793938E+02        2.855141E+01        1.000000E+00        3.218213E+04
        6         6        4.276178E+04        2.067892E+02        3.291152E+01        1.000000E+00        4.276178E+04
        7         7        5.494881E+04        2.344116E+02        3.730777E+01        1.000000E+00        5.494881E+04
        8         8        1.894173E+05        4.352210E+02        6.926757E+01        1.000000E+00        1.894173E+05
        9         9        2.395879E+05        4.894772E+02        7.790272E+01        1.000000E+00        2.395879E+05
       10        10        4.886512E+05        6.990359E+02        1.112550E+02        1.000000E+00        4.886512E+05
1                                                                             MARCH  27, 2022  MSC Nastran  3/11/18   PAGE    12
                                                                                                                                    
0                                                                                                            SUBCASE 1              
 *** USER INFORMATION MESSAGE 7310 (VECPRN)
     ORIGIN OF SUPERELEMENT OR MODULE BASIC COORDINATE SYSTEM WILL BE USED AS REFERENCE LOCATION.
     RESULTANTS ABOUT ORIGIN OF SUPERELEMENT OR MODULE BASIC COORDINATE SYSTEM IN SUPERELEMENT OR MODULE
     BASIC SYSTEM COORDINATES.
0                                                  SPCFORCE RESULTANT       
  SUBCASE/    LOAD
  DAREA ID    TYPE       T1            T2            T3            R1            R2            R3
0        1     FX   -5.802710E+02     ----          ----          ----       0.000000E+00  0.000000E+00                             
               FY       ----      -2.313690E+02     ----       0.000000E+00     ----      -3.005900E+05                             
               FZ       ----          ----       1.300063E-10  0.000000E+00 -1.689015E-07     ----                                  
               MX       ----          ----          ----      -1.158107E-08     ----          ----                                  
               MY       ----          ----          ----          ----      -1.095815E-08     ----                                  
               MZ       ----          ----          ----          ----          ----       2.943442E+06                             
             TOTALS -5.802710E+02 -2.313690E+02  1.300063E-10 -1.158107E-08 -1.798597E-07  2.642852E+06
0        2     FX   -3.537863E-13     ----          ----          ----       0.000000E+00  0.000000E+00                             
               FY       ----      -2.850038E-12     ----       0.000000E+00     ----      -3.702712E-09                             
               FZ       ----          ----      -2.618994E+03  0.000000E+00  3.402545E+06     ----                                  
               MX       ----          ----          ----      -9.254010E+06     ----          ----                                  
               MY       ----          ----          ----          ----      -2.535397E+06     ----                                  
               MZ       ----          ----          ----          ----          ----       8.454621E-09                             
             TOTALS -3.537863E-13 -2.850038E-12 -2.618994E+03 -9.254010E+06  8.671481E+05  4.751909E-09
0        3     FX   -2.476970E+03     ----          ----          ----       0.000000E+00  0.000000E+00                             
               FY       ----      -1.586892E+03     ----       0.000000E+00     ----      -2.061658E+06                             
               FZ       ----          ----       7.816814E-13  0.000000E+00 -1.015545E-09     ----                                  
               MX       ----          ----          ----       5.091363E-08     ----          ----                                  
               MY       ----          ----          ----          ----      -1.529971E-08     ----                                  
               MZ       ----          ----          ----          ----          ----       6.593427E+06                             
             TOTALS -2.476970E+03 -1.586892E+03  7.816814E-13  5.091363E-08 -1.631525E-08  4.531769E+06
0        4     FX   -1.312904E-11     ----          ----          ----       0.000000E+00  0.000000E+00                             
               FY       ----      -1.664230E-11     ----       0.000000E+00     ----      -2.162134E-08                             
               FZ       ----          ----       9.979847E+02  0.000000E+00 -1.296562E+06     ----                                  
               MX       ----          ----          ----      -3.446629E+06     ----          ----                                  
               MY       ----          ----          ----          ----       3.740679E+06     ----                                  
               MZ       ----          ----          ----          ----          ----       4.524735E-08                             
             TOTALS -1.312904E-11 -1.664230E-11  9.979847E+02 -3.446629E+06  2.444117E+06  2.362601E-08
0        5     FX    1.503592E+04     ----          ----          ----       0.000000E+00  0.000000E+00                             
               FY       ----      -1.037273E+04     ----       0.000000E+00     ----      -1.347604E+07                             
               FZ       ----          ----      -1.562016E-09  0.000000E+00  2.029340E-06     ----                                  
               MX       ----          ----          ----      -1.591333E-06     ----          ----                                  
               MY       ----          ----          ----          ----       1.505613E-07     ----                                  
               MZ       ----          ----          ----          ----          ----      -1.905046E+07                             
             TOTALS  1.503592E+04 -1.037273E+04 -1.562016E-09 -1.591333E-06  2.179901E-06 -3.252650E+07
0        6     FX    9.314837E+03     ----          ----          ----       0.000000E+00  0.000000E+00                             
               FY       ----      -1.924898E+04     ----       0.000000E+00     ----      -2.500789E+07                             
               FZ       ----          ----       1.385814E-08  0.000000E+00 -1.800422E-05     ----                                  
               MX       ----          ----          ----       4.774105E-06     ----          ----                                  
               MY       ----          ----          ----          ----      -7.005573E-08     ----                                  
               MZ       ----          ----          ----          ----          ----      -9.508378E+06                             
             TOTALS  9.314837E+03 -1.924898E+04  1.385814E-08  4.774105E-06 -1.807427E-05 -3.451627E+07
0        7     FX    4.467932E-08     ----          ----          ----       0.000000E+00  0.000000E+00                             
               FY       ----       7.886391E-08     ----       0.000000E+00     ----       1.024584E-04                             
               FZ       ----          ----       1.525342E+04  0.000000E+00 -1.981694E+07     ----                                  
               MX       ----          ----          ----       3.730714E+07     ----          ----                                  
               MY       ----          ----          ----          ----      -4.739928E+06     ----                                  
               MZ       ----          ----          ----          ----          ----       1.003964E-05                             
             TOTALS  4.467932E-08  7.886391E-08  1.525342E+04  3.730714E+07 -2.455686E+07  1.124981E-04
0        8     FX   -1.756121E+03     ----          ----          ----       0.000000E+00  0.000000E+00                             
               FY       ----      -2.653722E+04     ----       0.000000E+00     ----      -3.447662E+07                             
               FZ       ----          ----      -2.082252E-04  0.000000E+00  2.705220E-01     ----                                  
               MX       ----          ----          ----      -5.687996E-02     ----          ----                                  
               MY       ----          ----          ----          ----      -1.361111E-03     ----                                  
               MZ       ----          ----          ----          ----          ----       2.749446E+06                             
             TOTALS -1.756121E+03 -2.653722E+04 -2.082252E-04 -5.687996E-02  2.691609E-01 -3.172718E+07
0        9     FX   -1.707152E-04     ----          ----          ----       0.000000E+00  0.000000E+00                             
               FY       ----       3.737691E-04     ----       0.000000E+00     ----       4.855933E-01                             
               FZ       ----          ----      -5.012085E+04  0.000000E+00  6.511600E+07     ----                                  
               MX       ----          ----          ----      -7.041618E+07     ----          ----                                  
               MY       ----          ----          ----          ----       5.423857E+06     ----                                  
               MZ       ----          ----          ----          ----          ----      -1.000847E-01                             
             TOTALS -1.707152E-04  3.737691E-04 -5.012085E+04 -7.041618E+07  7.053986E+07  3.855085E-01
0       10     FX    1.325364E+04     ----          ----          ----       0.000000E+00  0.000000E+00                             
               FY       ----       2.152555E+05     ----       0.000000E+00     ----       2.796557E+08                             
               FZ       ----          ----       6.036291E-03  0.000000E+00 -7.842228E+00     ----                                  
               MX       ----          ----          ----       1.632295E-01     ----          ----                                  
               MY       ----          ----          ----          ----      -3.231332E-02     ----                                  
               MZ       ----          ----          ----          ----          ----      -1.150588E+07                             
             TOTALS  1.325364E+04  2.152555E+05  6.036291E-03  1.632295E-01 -7.874541E+00  2.681498E+08
1                                                                             MARCH  27, 2022  MSC Nastran  3/11/18   PAGE    13
                                                                                                                                    
0                                                                                                            SUBCASE 1              
0                                                  MAXIMUM  SPCFORCES       
  SUBCASE/
  DAREA ID        T1             T2             T3             R1             R2             R3
0        1   5.8027102E+02  2.3136899E+02  1.3000626E-10  1.1581073E-08  1.0958154E-08  2.9434423E+06
0        2   3.5378626E-13  2.8500379E-12  2.6189941E+03  9.2540100E+06  2.5353967E+06  8.4546208E-09
0        3   2.4769698E+03  1.5868918E+03  7.8168144E-13  5.0913627E-08  1.5299706E-08  6.5934269E+06
0        4   1.3129036E-11  1.6642299E-11  9.9798471E+02  3.4466295E+06  3.7406787E+06  4.5247353E-08
0        5   1.5035918E+04  1.0372727E+04  1.5620159E-09  1.5913330E-06  1.5056133E-07  1.9050460E+07
0        6   9.3148375E+03  1.9248980E+04  1.3858139E-08  4.7741048E-06  7.0055734E-08  9.5083780E+06
0        7   4.4679317E-08  7.8863913E-08  1.5253418E+04  3.7307143E+07  4.7399280E+06  1.0039641E-05
0        8   1.7561205E+03  2.6537217E+04  2.0822518E-04  5.6879964E-02  1.3611107E-03  2.7494456E+06
0        9   1.7071515E-04  3.7376906E-04  5.0120848E+04  7.0416180E+07  5.4238566E+06  1.0008474E-01
0       10   1.3253638E+04  2.1525554E+05  6.0362906E-03  1.6322945E-01  3.2313322E-02  1.1505883E+07
1                                                                             MARCH  27, 2022  MSC Nastran  3/11/18   PAGE    14
                                                                                                                                    
0                                                                                                            SUBCASE 1              
0                                                  MAXIMUM  DISPLACEMENTS   
  SUBCASE/
  DAREA ID        T1             T2             T3             R1             R2             R3
0        1   5.3599575E+00  5.2041435E-01  5.2386875E-15  3.6347432E-18  2.5862835E-18  1.2677565E-03
0        2   3.2474523E-14  2.0876655E-15  3.3405998E+00  6.1545516E-04  5.9583928E-04  1.1254636E-17
0        3   6.0144957E+00  7.3637290E-01  4.2888297E-14  9.7864516E-18  3.4527657E-18  3.0168163E-03
0        4   2.7576036E-14  8.8219587E-15  4.8693997E+00  1.2145082E-03  8.4902178E-04  3.9013404E-17
0        5   4.6169127E+00  7.8399321E-01  7.0867573E-14  1.4033942E-16  4.1579213E-17  4.5731498E-03
0        6   6.0261319E+00  1.1166469E+00  4.1792945E-13  8.2926228E-16  5.9748779E-17  6.6345747E-03
0        7   1.3935934E-12  1.0114390E-12  5.9804192E+00  3.5143176E-03  1.2764341E-03  3.6939690E-15
0        8   7.8199241E+00  3.6709050E-01  3.4127613E-09  7.9353174E-12  3.1025580E-13  1.3875127E-02
0        9   9.6116404E-09  1.0621667E-08  6.1570724E+00  5.9872369E-03  1.3972010E-03  2.6654816E-11
0       10   2.0787873E+00  3.8586521E+00  1.6687278E-07  2.8135705E-10  1.0873707E-11  5.4602592E-03
1                                                                             MARCH  27, 2022  MSC Nastran  3/11/18   PAGE    15
      DEFAULT                                                                                                                       
0                                                                                                            SUBCASE 1              
      EIGENVALUE =  1.109160E+03
          CYCLES =  5.300504E+00         R E A L   E I G E N V E C T O R   N O .          1
 
      POINT ID.   TYPE          T1             T2             T3             R1             R2             R3
             1      G      0.0            0.0            0.0            0.0            0.0            0.0
             2      G      1.106856E-02   1.094744E-04  -1.326841E-16   2.020848E-19   2.772303E-19  -4.892075E-05
             3      G      4.302420E-02   2.334171E-04   3.073500E-16   3.283068E-19   5.992722E-19  -9.974557E-05
             4      G      8.792638E-02   3.602961E-04   4.586548E-16   1.552909E-19   8.870194E-19  -1.452617E-04
             5      G      1.495858E-01   5.049332E-04   2.327075E-16   7.285483E-20   1.219770E-18  -1.924713E-04
             6      G      2.286012E-01   6.697355E-04   7.565640E-17   4.103444E-19   1.562700E-18  -2.412223E-04
             7      G      3.254543E-01   8.578332E-04   7.032319E-16   6.878530E-19   2.064048E-18  -2.910326E-04
             8      G      4.399027E-01   1.063720E-03   9.239270E-16   6.358467E-19   2.425247E-18  -3.386838E-04
             9      G      6.194900E-01   1.100344E-03   1.331839E-15   3.952830E-19   2.428459E-18  -3.895431E-04
            10      G      7.608304E-01   7.425014E-03   1.374178E-15   9.564348E-20   2.385801E-18  -4.292149E-04
            11      G      9.165953E-01   1.439553E-02   1.057997E-15   6.648337E-20   2.384052E-18  -4.731115E-04
            12      G      1.088351E+00   2.208197E-02   1.312531E-15   3.453311E-19   2.402432E-18  -5.218411E-04
            13      G      1.277908E+00   3.056543E-02   1.623031E-15   4.790930E-19   2.414027E-18  -5.761977E-04
            14      G      1.487392E+00   3.994105E-02   1.660181E-15   6.396021E-19   2.428742E-18  -6.371795E-04
            15      G      1.719316E+00   5.032128E-02   2.034828E-15   8.348435E-19   2.393758E-18  -7.059991E-04
            16      G      1.976621E+00   6.183705E-02   2.806954E-15   8.078929E-19   2.495202E-18  -7.839414E-04
            17      G      2.261818E+00   7.460255E-02   3.033243E-15   1.754080E-20   2.410433E-18  -8.677070E-04
            18      G      2.575888E+00   8.866106E-02   1.718516E-15   3.208204E-19   2.409535E-18  -9.518485E-04
            19      G      2.918390E+00   1.039930E-01   2.884184E-15   1.318304E-18   2.466831E-18  -1.033323E-03
            20      G      3.287416E+00   1.205129E-01   3.781238E-15   7.514893E-19   2.493396E-18  -1.106922E-03
            21      G      3.679516E+00   1.380666E-01   3.451139E-15   4.591732E-20   2.410370E-18  -1.168743E-03
            22      G      4.090170E+00   1.564517E-01   3.480161E-15  -3.644914E-19   2.430743E-18  -1.216369E-03
            23      G      4.514124E+00   1.754328E-01   2.839158E-15   5.718220E-19   2.454374E-18  -1.248040E-03
            24      G      4.935680E+00   1.943072E-01   3.664704E-15   2.772502E-18   2.580822E-18  -1.263553E-03
            25      G      5.359957E+00   2.133041E-01   5.238687E-15   3.634743E-18   2.586283E-18  -1.267757E-03
           100      G      4.398952E-01   5.204143E-01   4.642879E-15   6.358467E-19   2.425247E-18  -3.386838E-04
           101      G      4.398952E-01   1.874882E-01   2.258861E-15   6.358467E-19   2.425247E-18  -3.386838E-04
1                                                                             MARCH  27, 2022  MSC Nastran  3/11/18   PAGE    16
      DEFAULT                                                                                                                       
0                                                                                                            SUBCASE 1              
      EIGENVALUE =  3.461204E+03
          CYCLES =  9.363404E+00         R E A L   E I G E N V E C T O R   N O .          2
 
      POINT ID.   TYPE          T1             T2             T3             R1             R2             R3
             1      G      0.0            0.0            0.0            0.0            0.0            0.0
             2      G      3.078493E-17   1.348522E-18   1.300169E-02   4.553046E-05   6.414298E-05  -1.452565E-19
             3      G      1.209092E-16   2.497941E-18   4.525024E-02   9.021189E-05   1.350164E-04  -3.003999E-19
             4      G      2.519413E-16   4.030999E-18   8.821081E-02   1.278187E-04   2.035308E-04  -4.410549E-19
             5      G      4.269306E-16   6.604146E-18   1.449073E-01   1.640797E-04   2.805386E-04  -5.860911E-19
             6      G      6.807981E-16   7.847307E-18   2.148058E-01   1.982870E-04   3.676431E-04  -7.887991E-19
             7      G      1.022656E-15   1.013261E-17   2.970607E-01   2.294343E-04   4.667432E-04  -1.055391E-18
             8      G      1.434753E-15   1.402592E-17   3.899966E-01   2.552408E-04   5.752652E-04  -1.352281E-18
             9      G      1.911478E-15   1.226748E-17   5.249320E-01   2.853975E-04   5.810607E-04  -6.679482E-19
            10      G      2.140089E-15   2.138350E-17   6.374006E-01   3.070530E-04   5.820303E-04  -1.975693E-19
            11      G      1.996834E-15   1.494322E-17   7.577257E-01   3.301925E-04   5.830664E-04   4.639020E-19
            12      G      1.716353E-15   5.114936E-18   8.864159E-01   3.547410E-04   5.841655E-04   1.120328E-18
            13      G      1.160127E-15  -2.424451E-17   1.023980E+00   3.807342E-04   5.853293E-04   2.083169E-18
            14      G      2.820195E-16  -5.920313E-17   1.170957E+00   4.082601E-04   5.865617E-04   2.960493E-18
            15      G     -8.209298E-16  -1.083118E-16   1.327917E+00   4.373819E-04   5.878656E-04   4.145644E-18
            16      G     -2.692910E-15  -1.767429E-16   1.495363E+00   4.677246E-04   5.892246E-04   5.313371E-18
            17      G     -4.993157E-15  -2.814207E-16   1.673336E+00   4.977731E-04   5.905700E-04   6.800951E-18
            18      G     -7.321730E-15  -3.864507E-16   1.861336E+00   5.260951E-04   5.918381E-04   7.970597E-18
            19      G     -1.004603E-14  -5.226287E-16   2.058505E+00   5.517462E-04   5.929867E-04   9.511614E-18
            20      G     -1.381998E-14  -6.734457E-16   2.263563E+00   5.735441E-04   5.939627E-04   1.015242E-17
            21      G     -1.718219E-14  -8.451417E-16   2.474960E+00   5.908082E-04   5.947357E-04   1.046984E-17
            22      G     -2.127980E-14  -9.890631E-16   2.691028E+00   6.032933E-04   5.952947E-04   1.063593E-17
            23      G     -2.480149E-14  -1.146740E-15   2.910057E+00   6.110467E-04   5.956419E-04   1.095991E-17
            24      G     -2.832421E-14  -1.325127E-15   3.125295E+00   6.145735E-04   5.957998E-04   1.125464E-17
            25      G     -3.247452E-14  -1.464585E-15   3.340600E+00   6.154552E-04   5.958393E-04   1.074638E-17
           100      G      1.434723E-15   2.087666E-15   1.272124E+00   2.552408E-04   5.752652E-04  -1.352281E-18
           101      G      1.434723E-15   7.583730E-16   7.066388E-01   2.552408E-04   5.752652E-04  -1.352281E-18
1                                                                             MARCH  27, 2022  MSC Nastran  3/11/18   PAGE    17
      DEFAULT                                                                                                                       
0                                                                                                            SUBCASE 1              
      EIGENVALUE =  5.699402E+03
          CYCLES =  1.201530E+01         R E A L   E I G E N V E C T O R   N O .          3
 
      POINT ID.   TYPE          T1             T2             T3             R1             R2             R3
             1      G      0.0            0.0            0.0            0.0            0.0            0.0
             2      G      2.569770E-02   7.508524E-04  -5.630281E-17  -2.653352E-19   3.870672E-19  -1.053360E-04
             3      G      9.451822E-02   1.600893E-03  -2.289055E-16  -5.573711E-19   8.200083E-19  -2.047171E-04
             4      G      1.861356E-01   2.442149E-03  -4.773421E-16  -8.429327E-19   1.217010E-18  -2.837266E-04
             5      G      3.050635E-01   3.392511E-03  -8.441378E-16  -1.155251E-18   1.687444E-18  -3.542685E-04
             6      G      4.477237E-01   4.469073E-03  -1.304110E-15  -1.502067E-18   2.202293E-18  -4.130227E-04
             7      G      6.091341E-01   5.689850E-03  -1.923767E-15  -1.919638E-18   2.858204E-18  -4.555820E-04
             8      G      7.821313E-01   7.019044E-03  -2.714235E-15  -2.382333E-18   3.452766E-18  -4.756331E-04
             9      G      9.906816E-01   7.009187E-03  -4.099502E-15  -3.028073E-18   3.353632E-18  -3.763597E-04
            10      G      1.104409E+00   1.207317E-02  -5.186724E-15  -3.512323E-18   3.334187E-18  -2.886362E-04
            11      G      1.184444E+00   1.562827E-02  -6.487197E-15  -3.999542E-18   3.319885E-18  -1.818260E-04
            12      G      1.223469E+00   1.734680E-02  -7.899828E-15  -4.544636E-18   3.300569E-18  -5.200364E-05
            13      G      1.212623E+00   1.683189E-02  -9.583051E-15  -5.154722E-18   3.237538E-18   1.057641E-04
            14      G      1.141110E+00   1.359988E-02  -1.147611E-14  -5.686718E-18   3.243546E-18   2.976498E-04
            15      G      9.957191E-01   7.059102E-03  -1.357404E-14  -6.330827E-18   3.232475E-18   5.312904E-04
            16      G      7.603864E-01  -3.509105E-03  -1.588505E-14  -6.942567E-18   3.222039E-18   8.154684E-04
            17      G      4.191363E-01  -1.882025E-02  -1.834103E-14  -7.539824E-18   3.181055E-18   1.142013E-03
            18      G     -3.906575E-02  -3.936626E-02  -2.116226E-14  -8.081474E-18   3.165591E-18   1.491226E-03
            19      G     -6.195909E-01  -6.538703E-02  -2.401610E-14  -8.560220E-18   3.150867E-18   1.849709E-03
            20      G     -1.320806E+00  -9.680820E-02  -2.696876E-14  -9.013963E-18   3.175342E-18   2.191608E-03
            21      G     -2.132604E+00  -1.331767E-01  -3.009188E-14  -9.309794E-18   3.147616E-18   2.493593E-03
            22      G     -3.037699E+00  -1.737187E-01  -3.334896E-14  -9.620048E-18   3.156730E-18   2.737261E-03
            23      G     -4.012675E+00  -2.173852E-01  -3.660718E-14  -9.718803E-18   3.090500E-18   2.906362E-03
            24      G     -5.005832E+00  -2.618613E-01  -3.977092E-14  -9.726254E-18   3.032166E-18   2.992568E-03
            25      G     -6.014496E+00  -3.070272E-01  -4.288830E-14  -9.786452E-18   3.077606E-18   3.016816E-03
           100      G      7.821208E-01   7.363729E-01   2.580420E-15  -2.382333E-18   3.452766E-18  -4.756331E-04
           101      G      7.821208E-01   2.688256E-01  -8.136488E-16  -2.382333E-18   3.452766E-18  -4.756331E-04
1                                                                             MARCH  27, 2022  MSC Nastran  3/11/18   PAGE    18
      DEFAULT                                                                                                                       
0                                                                                                            SUBCASE 1              
      EIGENVALUE =  7.001555E+03
          CYCLES =  1.331734E+01         R E A L   E I G E N V E C T O R   N O .          4
 
      POINT ID.   TYPE          T1             T2             T3             R1             R2             R3
             1      G      0.0            0.0            0.0            0.0            0.0            0.0
             2      G      1.733800E-16   7.874457E-18   2.636988E-03   1.910614E-05  -9.463540E-05  -7.368320E-19
             3      G      6.271299E-16   2.329667E-17   1.404629E-02   4.297822E-05  -1.992008E-04  -1.512558E-18
             4      G      1.293600E-15   2.875273E-17   3.255549E-02   6.837883E-05  -3.003281E-04  -2.193884E-18
             5      G      2.212121E-15   4.182206E-17   6.096107E-02   9.922682E-05  -4.139934E-04  -3.002788E-18
             6      G      3.524891E-15   5.558202E-17   1.013885E-01   1.366944E-04  -5.425617E-04  -3.866134E-18
             7      G      5.118842E-15   7.057619E-17   1.564145E-01   1.821635E-04  -6.888381E-04  -4.720228E-18
             8      G      6.834656E-15   9.515409E-17   2.288933E-01   2.352926E-04  -8.490218E-04  -5.691006E-18
             9      G      9.065922E-15   1.169500E-16   3.687660E-01   3.120048E-04  -8.341690E-04  -3.378264E-18
            10      G      9.764744E-15   1.734701E-16   4.771654E-01   3.677693E-04  -8.316722E-04  -1.699424E-18
            11      G      1.009153E-14   1.940227E-16   6.059453E-01   4.279652E-04  -8.289770E-04  -7.443345E-20
            12      G      9.865474E-15   1.876783E-16   7.566561E-01   4.924887E-04  -8.260880E-04   1.567758E-18
            13      G      9.000947E-15   1.824857E-16   9.308823E-01   5.615198E-04  -8.229972E-04   3.654719E-18
            14      G      7.161849E-15   1.368365E-16   1.130314E+00   6.353772E-04  -8.196904E-04   6.819319E-18
            15      G      3.897021E-15   1.054764E-18   1.356759E+00   7.143123E-04  -8.161562E-04   1.134781E-17
            16      G     -1.001184E-15  -1.873223E-16   1.611872E+00   7.973771E-04  -8.124360E-04   1.574302E-17
            17      G     -7.010409E-15  -3.972615E-16   1.896067E+00   8.804353E-04  -8.087170E-04   1.925775E-17
            18      G     -1.399899E-14  -6.715674E-16   2.208249E+00   9.594575E-04  -8.051787E-04   1.986064E-17
            19      G     -2.103636E-14  -9.347104E-16   2.546275E+00   1.031676E-03  -8.019452E-04   1.653375E-17
            20      G     -2.568036E-14  -1.141909E-15   2.906743E+00   1.093578E-03  -7.991734E-04   1.050294E-17
            21      G     -2.757604E-14  -1.184143E-15   3.285409E+00   1.143011E-03  -7.969601E-04  -5.226659E-19
            22      G     -2.413063E-14  -1.023251E-15   3.677601E+00   1.179040E-03  -7.953468E-04  -1.591526E-17
            23      G     -1.616093E-14  -6.295882E-16   4.078442E+00   1.201581E-03  -7.943375E-04  -2.965745E-17
            24      G     -4.563641E-15  -1.304805E-16   4.473808E+00   1.211908E-03  -7.938751E-04  -3.820031E-17
            25      G      9.193762E-15   4.430952E-16   4.869400E+00   1.214508E-03  -7.937587E-04  -3.901340E-17
           100      G      6.834531E-15   8.821959E-15  -1.073034E+00   2.352926E-04  -8.490218E-04  -5.691006E-18
           101      G      6.834531E-15   3.227700E-15  -2.384458E-01   2.352926E-04  -8.490218E-04  -5.691006E-18
1                                                                             MARCH  27, 2022  MSC Nastran  3/11/18   PAGE    19
      DEFAULT                                                                                                                       
0                                                                                                            SUBCASE 1              
      EIGENVALUE =  3.218213E+04
          CYCLES =  2.855141E+01         R E A L   E I G E N V E C T O R   N O .          5
 
      POINT ID.   TYPE          T1             T2             T3             R1             R2             R3
             1      G      0.0            0.0            0.0            0.0            0.0            0.0
             2      G     -8.029743E-02   4.907951E-03   3.478147E-15   6.619241E-18  -3.809050E-18   2.759120E-04
             3      G     -2.606287E-01   1.046252E-02   7.662893E-15   1.179653E-17  -8.062651E-18   4.663485E-04
             4      G     -4.652956E-01   1.585072E-02   1.156724E-14   1.761434E-17  -1.195121E-17   5.417753E-04
             5      G     -6.807412E-01   2.191891E-02   2.278078E-14   2.233571E-17  -1.636308E-17   5.123235E-04
             6      G     -8.644848E-01   2.879012E-02   3.302280E-14   2.284930E-17  -2.168347E-17   3.500832E-04
             7      G     -9.630898E-01   3.658381E-02   4.281650E-14   2.075687E-17  -2.755732E-17   2.227530E-05
             8      G     -9.139476E-01   4.508350E-02   4.447286E-14   2.037714E-17  -3.424063E-17  -4.818647E-04
             9      G     -6.168053E-01   4.567713E-02   6.816411E-14   1.206757E-17  -3.909149E-17  -6.953338E-04
            10      G     -3.448684E-01   5.817345E-02   6.707255E-14  -6.158097E-18  -4.011094E-17  -8.453638E-04
            11      G     -2.142492E-02   7.298023E-02   5.569179E-14  -2.147894E-17  -4.022213E-17  -9.861927E-04
            12      G      3.478651E-01   8.984438E-02   4.039405E-14  -3.213057E-17  -4.121210E-17  -1.104221E-03
            13      G      7.517309E-01   1.082628E-01   2.079129E-14  -3.216674E-17  -4.058530E-17  -1.180990E-03
            14      G      1.171272E+00   1.273914E-01   1.106377E-14  -2.674367E-17  -4.076171E-17  -1.191428E-03
            15      G      1.577231E+00   1.459226E-01   9.033759E-15  -2.778344E-17  -4.039170E-17  -1.101638E-03
            16      G      1.926437E+00   1.619232E-01  -7.436050E-16  -4.196867E-17  -4.157921E-17  -8.667576E-04
            17      G      2.161260E+00   1.728008E-01  -4.113392E-14  -3.527732E-17  -4.044588E-17  -4.522827E-04
            18      G      2.217654E+00   1.756705E-01  -3.939593E-14  -5.969078E-18  -3.989131E-17   1.444655E-04
            19      G      2.033652E+00   1.677494E-01  -2.898461E-14   1.580722E-18  -3.930223E-17   9.118835E-04
            20      G      1.560801E+00   1.468552E-01  -2.644041E-14  -8.466713E-18  -3.948678E-17   1.787234E-03
            21      G      7.777475E-01   1.120255E-01  -4.674116E-14  -6.995866E-18  -3.974050E-17   2.681802E-03
            22      G     -3.035252E-01   6.379504E-02  -4.340982E-14   2.631744E-17  -3.785913E-17   3.496114E-03
            23      G     -1.633763E+00   4.367516E-03  -3.349286E-14   8.314288E-17  -3.517795E-17   4.121049E-03
            24      G     -3.092526E+00  -6.086828E-02   1.934651E-14   1.308582E-16  -3.313120E-17   4.468154E-03
            25      G     -4.616913E+00  -1.290946E-01   7.086757E-14   1.403394E-16  -3.276459E-17   4.573150E-03
           100      G     -9.139582E-01   7.839932E-01  -8.033469E-15   2.037714E-17  -3.424063E-17  -4.818647E-04
           101      G     -9.139582E-01   3.103202E-01   2.562507E-14   2.037714E-17  -3.424063E-17  -4.818647E-04
1                                                                             MARCH  27, 2022  MSC Nastran  3/11/18   PAGE    20
      DEFAULT                                                                                                                       
0                                                                                                            SUBCASE 1              
      EIGENVALUE =  4.276178E+04
          CYCLES =  3.291152E+01         R E A L   E I G E N V E C T O R   N O .          6
 
      POINT ID.   TYPE          T1             T2             T3             R1             R2             R3
             1      G      0.0            0.0            0.0            0.0            0.0            0.0
             2      G     -4.146735E-02   9.107832E-03  -2.068510E-14  -9.872701E-18   1.772340E-18   1.311789E-04
             3      G     -1.272206E-01   1.941432E-02  -2.347249E-14  -4.234578E-18   3.854307E-18   2.040098E-04
             4      G     -2.155850E-01   2.944708E-02  -1.414097E-17  -1.801924E-17   5.982119E-18   2.065123E-04
             5      G     -2.936793E-01   4.074248E-02  -3.546667E-14  -3.694794E-17   8.262547E-18   1.380612E-04
             6      G     -3.328678E-01   5.351815E-02  -5.290250E-14  -3.534298E-17   1.081869E-17  -1.978704E-05
             7      G     -2.973265E-01   6.798579E-02  -6.341912E-14  -3.086157E-17   1.373909E-17  -2.887077E-04
             8      G     -1.456919E-01   8.373010E-02  -1.474849E-14  -7.479233E-17   1.580681E-17  -6.735954E-04
             9      G      3.268093E-02   8.412575E-02  -2.057534E-13  -7.290238E-17   4.567740E-17  -1.461299E-04
            10      G      1.549977E-03   8.321664E-02  -2.015371E-13   3.575801E-17   4.995394E-17   2.313355E-04
            11      G     -1.610626E-01   7.642717E-02  -1.208949E-13   1.242224E-16   5.463558E-17   6.070486E-04
            12      G     -4.516704E-01   6.391418E-02  -2.847282E-14   1.545684E-16   5.577098E-17   9.632606E-04
            13      G     -8.590287E-01   4.618340E-02   8.622872E-14   9.888121E-17   5.397259E-17   1.273638E-03
            14      G     -1.360505E+00   2.425140E-02   6.626418E-14  -8.971980E-18   4.873345E-17   1.499875E-03
            15      G     -1.917073E+00  -1.304430E-04  -2.373547E-14  -2.913088E-17   4.795108E-17   1.587329E-03
            16      G     -2.466515E+00  -2.417357E-02  -5.695468E-14   7.819061E-17   5.231517E-17   1.459995E-03
            17      G     -2.918259E+00  -4.384737E-02   1.924883E-13   2.654051E-17   5.115737E-17   1.039901E-03
            18      G     -3.162241E+00  -5.424641E-02   3.073791E-14  -1.698402E-16   4.156480E-17   2.941259E-04
            19      G     -3.083737E+00  -5.024683E-02  -1.066967E-13  -1.229396E-16   4.307225E-17  -7.765615E-04
            20      G     -2.584001E+00  -2.744693E-02  -1.530635E-13   1.148953E-16   5.441965E-17  -2.085746E-03
            21      G     -1.605827E+00   1.670510E-02   5.929451E-14   2.509407E-16   5.974878E-17  -3.490033E-03
            22      G     -1.487223E-01   8.222880E-02   1.609800E-13   8.813769E-17   5.308694E-17  -4.814759E-03
            23      G      1.720557E+00   1.661318E-01   2.081449E-13  -3.422389E-16   3.396826E-17  -5.859430E-03
            24      G      3.816645E+00   2.601089E-01  -1.127110E-13  -7.497221E-16   1.570981E-17  -6.452222E-03
            25      G      6.026132E+00   3.590838E-01  -4.179295E-13  -8.292623E-16   1.243193E-17  -6.634575E-03
           100      G     -1.457067E-01   1.116647E+00   9.491916E-15  -7.479233E-17   1.580681E-17  -6.735954E-04
           101      G     -1.457067E-01   4.545026E-01  -6.046175E-15  -7.479233E-17   1.580681E-17  -6.735954E-04
1                                                                             MARCH  27, 2022  MSC Nastran  3/11/18   PAGE    21
      DEFAULT                                                                                                                       
0                                                                                                            SUBCASE 1              
      EIGENVALUE =  5.494881E+04
          CYCLES =  3.730777E+01         R E A L   E I G E N V E C T O R   N O .          7
 
      POINT ID.   TYPE          T1             T2             T3             R1             R2             R3
             1      G      0.0            0.0            0.0            0.0            0.0            0.0
             2      G      1.933815E-15  -3.731519E-14  -5.766287E-02  -1.784426E-04   1.199154E-04  -3.352553E-16
             3      G      3.911952E-13  -8.735793E-14  -1.890086E-01  -3.414620E-04   2.524135E-04  -2.741321E-16
             4      G      4.185029E-13  -6.383700E-14  -3.558118E-01  -4.665471E-04   3.806119E-04   5.734763E-16
             5      G     -2.185200E-13   2.494240E-15  -5.663640E-01  -5.732828E-04   5.247106E-04   9.437228E-16
             6      G     -5.352673E-13   5.383754E-14  -8.131884E-01  -6.568583E-04   6.877075E-04   2.297415E-16
             7      G     -2.927104E-13   4.145605E-14  -1.086714E+00  -7.115864E-04   8.731605E-04  -3.737242E-16
             8      G     -9.100830E-16  -3.771186E-14  -1.373747E+00  -7.304753E-04   1.076252E-03  -3.026251E-17
             9      G      4.595722E-13  -3.379527E-14  -1.754194E+00  -7.024944E-04   1.087620E-03  -3.661754E-16
            10      G      5.299602E-13  -7.798468E-14  -1.987608E+00  -6.451467E-04   1.090188E-03   3.723244E-16
            11      G      1.147457E-13  -6.521770E-14  -2.192487E+00  -5.492954E-04   1.094480E-03   1.076525E-15
            12      G     -4.467394E-13  -6.971405E-14  -2.353601E+00  -4.089328E-04   1.100764E-03   7.920234E-16
            13      G     -5.681156E-13  -4.094098E-14  -2.453432E+00  -2.174558E-04   1.109338E-03  -7.486260E-16
            14      G      4.011866E-13   4.396978E-14  -2.471878E+00   3.243294E-05   1.120526E-03  -9.637964E-16
            15      G      1.595097E-13  -1.659420E-15  -2.386055E+00   3.481608E-04   1.134663E-03   6.458835E-16
            16      G     -2.586258E-13   2.633901E-13  -2.171219E+00   7.318236E-04   1.151847E-03   5.231337E-16
            17      G     -2.399041E-13   3.259358E-13  -1.805876E+00   1.166764E-03   1.171321E-03  -1.116504E-15
            18      G      6.691320E-13   3.777018E-13  -1.276827E+00   1.628940E-03   1.192015E-03  -5.181650E-16
            19      G      4.136237E-15   6.207860E-13  -5.798592E-01   2.094749E-03   1.212872E-03   2.915688E-15
            20      G     -1.393593E-12   5.770231E-13   2.774399E-01   2.530292E-03   1.232374E-03  -2.355360E-16
            21      G      4.132264E-13   3.494785E-13   1.276056E+00   2.906073E-03   1.249200E-03  -3.693969E-15
            22      G      7.927408E-13  -1.305947E-13   2.387879E+00   3.199481E-03   1.262337E-03   1.893165E-15
            23      G     -7.271254E-13  -6.708185E-13   3.577483E+00   3.394679E-03   1.271077E-03   1.434408E-15
            24      G      2.104297E-13  -9.304590E-13   4.777001E+00   3.489259E-03   1.275312E-03  -2.468945E-15
            25      G      5.205789E-13  -1.011439E-12   5.980419E+00   3.514318E-03   1.276434E-03  -5.280743E-16
           100      G     -9.107487E-16   8.693826E-15   2.766344E-01  -7.304753E-04   1.076252E-03  -3.026251E-17
           101      G     -9.107487E-16  -2.105422E-14  -7.813212E-01  -7.304753E-04   1.076252E-03  -3.026251E-17
1                                                                             MARCH  27, 2022  MSC Nastran  3/11/18   PAGE    22
      DEFAULT                                                                                                                       
0                                                                                                            SUBCASE 1              
      EIGENVALUE =  1.894173E+05
          CYCLES =  6.926757E+01         R E A L   E I G E N V E C T O R   N O .          8
 
      POINT ID.   TYPE          T1             T2             T3             R1             R2             R3
             1      G      0.0            0.0            0.0            0.0            0.0            0.0
             2      G      1.127111E-02   1.255633E-02   2.946329E-10   7.068644E-14   3.443473E-14  -4.131472E-05
             3      G      3.822944E-02   2.674065E-02   3.584608E-10  -1.726128E-13   7.248297E-14  -7.407085E-05
             4      G      7.085326E-02   4.051568E-02  -1.198428E-10  -1.858612E-13   1.094657E-13  -9.407505E-05
             5      G      1.090267E-01   5.595421E-02   6.809845E-11  -3.411406E-14   1.510528E-13  -1.058321E-04
             6      G      1.495168E-01   7.330778E-02   6.533596E-12  -3.639540E-15   1.980726E-13  -1.095280E-04
             7      G      1.893451E-01   9.280616E-02  -1.032013E-10   1.713275E-13   2.515870E-13  -1.070069E-04
             8      G      2.265954E-01   1.138230E-01  -4.358204E-10   8.269313E-13   3.102558E-13  -1.028626E-04
             9      G     -1.003329E-01   1.174932E-01   1.687648E-09   8.029586E-13  -1.532141E-14   1.039072E-03
            10      G     -6.334693E-01   9.734509E-02   1.603221E-09  -3.857796E-13  -6.855342E-14   1.655633E-03
            11      G     -1.341392E+00   6.947692E-02   7.335944E-10  -1.300192E-12  -1.095004E-13   2.033066E-03
            12      G     -2.118946E+00   3.860364E-02  -2.655888E-10  -1.548372E-12  -1.206191E-13   2.071386E-03
            13      G     -2.824518E+00   1.108484E-02  -1.492984E-09  -7.390674E-13  -8.438789E-14   1.672955E-03
            14      G     -3.284837E+00  -5.293728E-03  -9.787447E-10   6.291573E-13  -2.313554E-14   7.650174E-04
            15      G     -3.310758E+00  -2.031141E-03   2.690965E-10   9.072024E-13  -1.069925E-14  -6.618972E-04
            16      G     -2.731750E+00   2.851748E-02   8.657325E-10  -3.291607E-13  -6.608349E-14  -2.490472E-03
            17      G     -1.478851E+00   8.926160E-02  -1.658496E-09   8.182802E-14  -4.768214E-14  -4.292230E-03
            18      G      3.148222E-01   1.740263E-01   1.971760E-10   1.961220E-12   3.647039E-14  -5.412679E-03
            19      G      2.279879E+00   2.661539E-01   1.638477E-09   1.186684E-12   1.793456E-15  -5.212367E-03
            20      G      3.847435E+00   3.399914E-01   1.989663E-09  -1.510296E-12  -1.189641E-13  -3.251450E-03
            21      G      4.384223E+00   3.670905E-01  -2.665262E-10  -3.260667E-12  -1.973352E-13   4.149325E-04
            22      G      3.388855E+00   3.249677E-01  -1.827605E-09  -1.824180E-12  -1.330147E-13   5.158450E-03
            23      G      7.010176E-01   2.064104E-01  -2.492998E-09   2.604670E-12   6.529375E-14   9.778335E-03
            24      G     -3.244289E+00   3.084032E-02   4.465194E-10   6.899228E-12   2.575849E-13   1.282869E-02
            25      G     -7.819924E+00  -1.736505E-01   3.412761E-09   7.935317E-12   3.039760E-13   1.387513E-02
           100      G      2.265931E-01   2.715564E-01   3.991943E-11   8.269313E-13   3.102558E-13  -1.028626E-04
           101      G      2.265931E-01   1.704425E-01  -2.650620E-10   8.269313E-13   3.102558E-13  -1.028626E-04
1                                                                             MARCH  27, 2022  MSC Nastran  3/11/18   PAGE    23
      DEFAULT                                                                                                                       
0                                                                                                            SUBCASE 1              
      EIGENVALUE =  2.395879E+05
          CYCLES =  7.790272E+01         R E A L   E I G E N V E C T O R   N O .          9
 
      POINT ID.   TYPE          T1             T2             T3             R1             R2             R3
             1      G      0.0            0.0            0.0            0.0            0.0            0.0
             2      G     -2.301563E-10  -1.768523E-10   1.326755E-01   3.135832E-04  -1.372181E-04   2.350766E-12
             3      G     -2.715545E-09   7.093467E-12   3.862762E-01   5.439065E-04  -2.888344E-04   1.917780E-12
             4      G     -3.152385E-09  -1.261337E-10   6.712133E-01   6.610669E-04  -4.355371E-04  -3.975403E-12
             5      G      1.393846E-09  -4.144103E-10   9.857227E-01   6.883305E-04  -6.004434E-04  -7.093887E-12
             6      G      4.124332E-09  -4.943557E-10   1.292831E+00   6.106826E-04  -7.869871E-04  -1.836343E-12
             7      G      2.081429E-09   3.603127E-11   1.549443E+00   4.137000E-04  -9.992370E-04   2.916580E-12
             8      G      4.084454E-11   8.242462E-10   1.706586E+00   9.669774E-05  -1.231684E-03   5.386637E-13
             9      G     -3.605470E-09   2.130162E-10   1.595166E+00  -4.173933E-04  -1.332574E-03   3.325092E-12
            10      G     -4.452998E-09   1.117872E-10   1.323199E+00  -7.876475E-04  -1.349151E-03  -2.241411E-12
            11      G     -1.625161E-09  -3.636054E-10   9.049601E-01  -1.155489E-03  -1.365621E-03  -8.793553E-12
            12      G      3.685886E-09  -4.054857E-10   3.480041E-01  -1.486279E-03  -1.380431E-03  -7.264382E-12
            13      G      4.633397E-09  -4.817347E-10  -3.254253E-01  -1.738295E-03  -1.391713E-03   5.497590E-12
            14      G     -2.696127E-09  -5.617809E-10  -1.075218E+00  -1.860901E-03  -1.397201E-03   8.306895E-12
            15      G     -1.852028E-09   5.995819E-10  -1.839557E+00  -1.793623E-03  -1.394186E-03  -3.451558E-12
            16      G      1.135762E-09  -1.096217E-09  -2.531251E+00  -1.471725E-03  -1.379767E-03  -4.723051E-12
            17      G      1.963236E-09  -2.135108E-09  -3.038697E+00  -8.587985E-04  -1.352323E-03   7.244315E-12
            18      G     -5.005288E-09  -3.024818E-09  -3.246543E+00   3.516302E-05  -1.312295E-03   4.858185E-12
            19      G     -5.742451E-10  -5.316121E-09  -3.055817E+00   1.161702E-03  -1.261854E-03  -2.051413E-11
            20      G      9.611640E-09  -5.518921E-09  -2.403269E+00   2.408726E-03  -1.206018E-03   1.983501E-12
            21      G     -3.704766E-09  -4.016910E-09  -1.279326E+00   3.636689E-03  -1.151035E-03   2.665482E-11
            22      G     -6.143161E-09   2.266726E-10   2.686888E-01   4.702108E-03  -1.103330E-03  -1.466376E-11
            23      G      5.136853E-09   5.640503E-09   2.137988E+00   5.473792E-03  -1.068778E-03  -1.248709E-11
            24      G     -5.575404E-10   9.023279E-09   4.134644E+00   5.874749E-03  -1.050824E-03   1.445681E-11
            25      G     -1.861745E-09   1.062167E-08   6.157072E+00   5.987237E-03  -1.045788E-03   9.303846E-13
           100      G      4.085639E-11  -1.761089E-12  -1.821279E-01   9.669774E-05  -1.231684E-03   5.386637E-13
           101      G      4.085639E-11   5.277453E-10   1.028618E+00   9.669774E-05  -1.231684E-03   5.386637E-13
1                                                                             MARCH  27, 2022  MSC Nastran  3/11/18   PAGE    24
      DEFAULT                                                                                                                       
0                                                                                                            SUBCASE 1              
      EIGENVALUE =  4.886512E+05
          CYCLES =  1.112550E+02         R E A L   E I G E N V E C T O R   N O .         10
 
      POINT ID.   TYPE          T1             T2             T3             R1             R2             R3
             1      G      0.0            0.0            0.0            0.0            0.0            0.0
             2      G     -5.170027E-02  -1.018501E-01  -6.923741E-09   5.718262E-12   8.174945E-13   1.515837E-04
             3      G     -1.503253E-01  -2.165000E-01   5.154747E-09   1.292476E-11   1.720768E-12   2.176890E-04
             4      G     -2.416090E-01  -3.269554E-01   1.519700E-08   9.301582E-12   2.593367E-12   1.943659E-04
             5      G     -3.084168E-01  -4.496394E-01   1.757183E-08  -1.799873E-14   3.573542E-12   9.168563E-05
             6      G     -3.206333E-01  -5.859132E-01   1.181924E-08  -8.119001E-12   4.682447E-12  -9.028492E-05
             7      G     -2.499916E-01  -7.367519E-01   1.985029E-09  -9.247418E-12   5.945239E-12  -3.444462E-04
             8      G     -7.559457E-02  -8.963604E-01  -1.031040E-08   2.356975E-12   7.329871E-12  -6.442015E-04
             9      G      3.479046E-01  -1.090905E+00   2.203013E-08   3.736191E-12   1.883106E-12  -7.661173E-04
            10      G      6.205480E-01  -1.231303E+00   9.256346E-09  -1.028718E-11   1.255811E-12  -6.213589E-04
            11      G      8.070339E-01  -1.385477E+00  -1.555198E-08  -2.463054E-12   1.606895E-12  -3.152968E-04
            12      G      8.481009E-01  -1.556593E+00  -7.768384E-09   2.284233E-11   2.740907E-12   1.363593E-04
            13      G      6.999022E-01  -1.747688E+00   3.302116E-08   2.434115E-11   2.809215E-12   6.698236E-04
            14      G      3.543704E-01  -1.960620E+00   5.443358E-08  -2.336366E-11   6.747586E-13   1.162067E-03
            15      G     -1.381394E-01  -2.194866E+00   1.520776E-08  -8.774365E-11  -2.205910E-12   1.430788E-03
            16      G     -6.505325E-01  -2.445432E+00  -9.511010E-08  -6.649770E-11  -1.253009E-12   1.259797E-03
            17      G     -9.854221E-01  -2.694355E+00  -1.232841E-07   9.035158E-11   5.769940E-12   5.135959E-04
            18      G     -9.469996E-01  -2.921480E+00   5.556938E-08   1.730422E-10   9.472555E-12  -6.663096E-04
            19      G     -4.506867E-01  -3.115909E+00   1.668728E-07   2.019346E-12   1.815118E-12  -1.854826E-03
            20      G      3.788293E-01  -3.272562E+00   3.860696E-08  -1.889879E-10  -6.737328E-12  -2.399931E-03
            21      G      1.190885E+00  -3.400913E+00  -1.218960E-07  -1.127988E-10  -3.325968E-12  -1.767983E-03
            22      G      1.522515E+00  -3.518781E+00  -8.963994E-08   1.100681E-10   6.652716E-12   1.204511E-04
            23      G      1.015690E+00  -3.639410E+00   6.298318E-08   1.149972E-10   6.873249E-12   2.663540E-03
            24      G     -3.038661E-01  -3.757962E+00   6.669518E-08  -1.269355E-10  -3.959407E-12   4.683754E-03
            25      G     -2.078787E+00  -3.858652E+00  -7.303092E-08  -2.813570E-10  -1.087371E-11   5.460259E-03
           100      G     -7.560874E-02   9.148271E-02   9.294518E-10   2.356975E-12   7.329871E-12  -6.442015E-04
           101      G     -7.560874E-02  -5.417674E-01  -6.275811E-09   2.356975E-12   7.329871E-12  -6.442015E-04
1                                                                             MARCH  27, 2022  MSC Nastran  3/11/18   PAGE    25
      DEFAULT                                                                                                                       
0                                                                                                            SUBCASE 1              
      EIGENVALUE =  1.109160E+03
                               F O R C E S   O F   S I N G L E - P O I N T   C O N S T R A I N T
 
      POINT ID.   TYPE          T1             T2             T3             R1             R2             R3
             1      G     -5.802710E+02  -2.313690E+02   1.300063E-10  -1.158107E-08  -1.095815E-08   2.943442E+06
1                                                                             MARCH  27, 2022  MSC Nastran  3/11/18   PAGE    26
      DEFAULT                                                                                                                       
0                                                                                                            SUBCASE 1              
      EIGENVALUE =  3.461204E+03
                               F O R C E S   O F   S I N G L E - P O I N T   C O N S T R A I N T
 
      POINT ID.   TYPE          T1             T2             T3             R1             R2             R3
             1      G     -3.537863E-13  -2.850038E-12  -2.618994E+03  -9.254010E+06  -2.535397E+06   8.454621E-09
1                                                                             MARCH  27, 2022  MSC Nastran  3/11/18   PAGE    27
      DEFAULT                                                                                                                       
0                                                                                                            SUBCASE 1              
      EIGENVALUE =  5.699402E+03
                               F O R C E S   O F   S I N G L E - P O I N T   C O N S T R A I N T
 
      POINT ID.   TYPE          T1             T2             T3             R1             R2             R3
             1      G     -2.476970E+03  -1.586892E+03   7.816814E-13   5.091363E-08  -1.529971E-08   6.593427E+06
1                                                                             MARCH  27, 2022  MSC Nastran  3/11/18   PAGE    28
      DEFAULT                                                                                                                       
0                                                                                                            SUBCASE 1              
      EIGENVALUE =  7.001555E+03
                               F O R C E S   O F   S I N G L E - P O I N T   C O N S T R A I N T
 
      POINT ID.   TYPE          T1             T2             T3             R1             R2             R3
             1      G     -1.312904E-11  -1.664230E-11   9.979847E+02  -3.446629E+06   3.740679E+06   4.524735E-08
1                                                                             MARCH  27, 2022  MSC Nastran  3/11/18   PAGE    29
      DEFAULT                                                                                                                       
0                                                                                                            SUBCASE 1              
      EIGENVALUE =  3.218213E+04
                               F O R C E S   O F   S I N G L E - P O I N T   C O N S T R A I N T
 
      POINT ID.   TYPE          T1             T2             T3             R1             R2             R3
             1      G      1.503592E+04  -1.037273E+04  -1.562016E-09  -1.591333E-06   1.505613E-07  -1.905046E+07
1                                                                             MARCH  27, 2022  MSC Nastran  3/11/18   PAGE    30
      DEFAULT                                                                                                                       
0                                                                                                            SUBCASE 1              
      EIGENVALUE =  4.276178E+04
                               F O R C E S   O F   S I N G L E - P O I N T   C O N S T R A I N T
 
      POINT ID.   TYPE          T1             T2             T3             R1             R2             R3
             1      G      9.314837E+03  -1.924898E+04   1.385814E-08   4.774105E-06  -7.005573E-08  -9.508378E+06
1                                                                             MARCH  27, 2022  MSC Nastran  3/11/18   PAGE    31
      DEFAULT                                                                                                                       
0                                                                                                            SUBCASE 1              
      EIGENVALUE =  5.494881E+04
                               F O R C E S   O F   S I N G L E - P O I N T   C O N S T R A I N T
 
      POINT ID.   TYPE          T1             T2             T3             R1             R2             R3
             1      G      4.467932E-08   7.886391E-08   1.525342E+04   3.730714E+07  -4.739928E+06   1.003964E-05
1                                                                             MARCH  27, 2022  MSC Nastran  3/11/18   PAGE    32
      DEFAULT                                                                                                                       
0                                                                                                            SUBCASE 1              
      EIGENVALUE =  1.894173E+05
                               F O R C E S   O F   S I N G L E - P O I N T   C O N S T R A I N T
 
      POINT ID.   TYPE          T1             T2             T3             R1             R2             R3
             1      G     -1.756121E+03  -2.653722E+04  -2.082252E-04  -5.687996E-02  -1.361111E-03   2.749446E+06
1                                                                             MARCH  27, 2022  MSC Nastran  3/11/18   PAGE    33
      DEFAULT                                                                                                                       
0                                                                                                            SUBCASE 1              
      EIGENVALUE =  2.395879E+05
                               F O R C E S   O F   S I N G L E - P O I N T   C O N S T R A I N T
 
      POINT ID.   TYPE          T1             T2             T3             R1             R2             R3
             1      G     -1.707152E-04   3.737691E-04  -5.012085E+04  -7.041618E+07   5.423857E+06  -1.000847E-01
1                                                                             MARCH  27, 2022  MSC Nastran  3/11/18   PAGE    34
      DEFAULT                                                                                                                       
0                                                                                                            SUBCASE 1              
      EIGENVALUE =  4.886512E+05
                               F O R C E S   O F   S I N G L E - P O I N T   C O N S T R A I N T
 
      POINT ID.   TYPE          T1             T2             T3             R1             R2             R3
             1      G      1.325364E+04   2.152555E+05   6.036291E-03   1.632295E-01  -3.231332E-02  -1.150588E+07
1                                                                             MARCH  27, 2022  MSC Nastran  3/11/18   PAGE    35
                                                                                                                                    
0                                                                                                            SUBCASE 1              
 * * * *  D B D I C T   P R I N T  * * * *      SUBDMAP = PRTSUM  ,  DMAP STATEMENT NO.     71



0                                   * * * *  A N A L Y S I S  S U M M A R Y  T A B L E  * * * *
0 SEID  PEID PROJ VERS APRCH      SEMG SEMR SEKR SELG SELR MODES DYNRED SOLLIN PVALID SOLNL LOOPID DESIGN CYCLE SENSITIVITY
 --------------------------------------------------------------------------------------------------------------------------
     0     0    1    1 '        '    T    T    T    T    T     T      F      T      0     F     -1            0           F
0SEID = SUPERELEMENT ID.
 PEID = PRIMARY SUPERELEMENT ID OF IMAGE SUPERELEMENT.
 PROJ = PROJECT ID NUMBER.
 VERS = VERSION ID.
 APRCH = BLANK FOR STRUCTURAL ANALYSIS.  HEAT FOR HEAT TRANSFER ANALYSIS.
 SEMG = STIFFNESS AND MASS MATRIX GENERATION STEP.
 SEMR = MASS MATRIX REDUCTION STEP (INCLUDES EIGENVALUE SOLUTION FOR MODES).
 SEKR = STIFFNESS MATRIX REDUCTION STEP.
 SELG = LOAD MATRIX GENERATION STEP.
 SELR = LOAD MATRIX REDUCTION STEP. 
 MODES = T (TRUE) IF NORMAL MODES OR BUCKLING MODES CALCULATED.
 DYNRED = T (TRUE) MEANS GENERALIZED DYNAMIC AND/OR COMPONENT MODE REDUCTION PERFORMED.
 SOLLIN = T (TRUE) IF LINEAR SOLUTION EXISTS IN DATABASE.
 PVALID = P-DISTRIBUTION ID OF P-VALUE FOR P-ELEMENTS
 LOOPID = THE LAST LOOPID VALUE USED IN THE NONLINEAR ANALYSIS.  USEFUL FOR RESTARTS.
 SOLNL = T (TRUE) IF NONLINEAR SOLUTION EXISTS IN DATABASE.
 DESIGN CYCLE = THE LAST DESIGN CYCLE (ONLY VALID IN OPTIMIZATION).
 SENSITIVITY = SENSITIVITY MATRIX GENERATION FLAG.
 
 No PARAM values were set in the Control File.
 
1                                        * * * END OF JOB * * *
 
 
 No Symbolic Replacement variables or values were specified.

